<?xml version="1.0" encoding="UTF-8"?>
<testsuite xmlns:xsi="http://www.w3.org/2001/XMLSchema-instance" xsi:noNamespaceSchemaLocation="https://maven.apache.org/surefire/maven-surefire-plugin/xsd/surefire-test-report-3.0.xsd" version="3.0" name="com.example.springbootrabbitmqtutorial.SpringbootRabbitmqTutorialApplicationTests" time="5.848" tests="1" errors="0" skipped="0" failures="0">
  <properties>
[...]
</properties>
  <testcase name="contextLoads" classname="com.example.springbootrabbitmqtutorial.SpringbootRabbitmqTutorialApplicationTests" time="1.827">
    <system-out><![CDATA[09:24:31.289 [main] INFO org.springframework.test.context.support.AnnotationConfigContextLoaderUtils -- Could not detect default configuration classes for test class [com.example.springbootrabbitmqtutorial.SpringbootRabbitmqTutorialApplicationTests]: SpringbootRabbitmqTutorialApplicationTests does not declare any static, non-private, non-final, nested classes annotated with @Configuration.
09:24:31.468 [main] INFO org.springframework.boot.test.context.SpringBootTestContextBootstrapper -- Found @SpringBootConfiguration com.example.springbootrabbitmqtutorial.SpringbootRabbitmqTutorialApplication for test class com.example.springbootrabbitmqtutorial.SpringbootRabbitmqTutorialApplicationTests

  .   ____          _            __ _ _
 /\\ / ___'_ __ _ _(_)_ __  __ _ \ \ \ \
( ( )\___ | '_ | '_| | '_ \/ _` | \ \ \ \
 \\/  ___)| |_)| | | | | || (_| |  ) ) ) )
  '  |____| .__|_| |_|_| |_\__, | / / / /
 =========|_|==============|___/=/_/_/_/
 :: Spring Boot ::       (v3.1.7-SNAPSHOT)

2023-11-29T09:24:32.216+05:30  INFO 24224 --- [           main] ringbootRabbitmqTutorialApplicationTests : Starting SpringbootRabbitmqTutorialApplicationTests using Java 17.0.4.1 with PID 24224 (started by nmahalak in C:\Users\nmahalak\Downloads\springboot-rabbitmq-tutorial\springboot-rabbitmq-tutorial)
2023-11-29T09:24:32.218+05:30  INFO 24224 --- [           main] ringbootRabbitmqTutorialApplicationTests : No active profile set, falling back to 1 default profile: "default"
2023-11-29T09:24:34.582+05:30  INFO 24224 --- [           main] o.s.a.r.c.CachingConnectionFactory       : Attempting to connect to: [localhost:5672]
2023-11-29T09:24:34.728+05:30  INFO 24224 --- [           main] o.s.a.r.c.CachingConnectionFactory       : Created new connection: rabbitConnectionFactory#2d5ef498:0/SimpleConnection@31e739bf [delegate=amqp://guest@127.0.0.1:5672/, localPort=51412]
2023-11-29T09:24:34.829+05:30  INFO 24224 --- [           main] ringbootRabbitmqTutorialApplicationTests : Started SpringbootRabbitmqTutorialApplicationTests in 3.024 seconds (process running for 5.207)
]]></system-out>
  </testcase>
</testsuite>